<?xml version="1.0" encoding="UTF-8"?>
<!-- Generated by org.testng.reporters.JUnitReportReporter -->
<testsuite skipped="0" hostname="rome" name="practise.Demo" tests="1" failures="0" timestamp="2022-03-05T12:39:34 IST" time="0.028" errors="0">
  <testcase name="demoTest" time="0.028" classname="practise.Demo"/>
  <system-out/>
</testsuite> <!-- practise.Demo -->
