<?xml version="1.0" encoding="UTF-8"?>
<!-- Generated by org.testng.reporters.JUnitReportReporter -->
<testsuite skipped="0" hostname="rome" name="practise.calendarPopupTest" tests="1" failures="0" timestamp="2022-03-02T14:32:15 IST" time="15.781" errors="0">
  <testcase name="calenderTest" time="15.781" classname="practise.calendarPopupTest"/>
  <system-out/>
</testsuite> <!-- practise.calendarPopupTest -->
