<?xml version="1.0" encoding="UTF-8"?>
<!-- Generated by org.testng.reporters.JUnitReportReporter -->
<testsuite skipped="0" hostname="rome" name="com.crm.ContactsTestScript.ContactsTest" tests="2" failures="0" timestamp="2022-02-01T16:49:50 IST" time="76.971" errors="0">
  <testcase name="createContactsTest" time="35.217" classname="com.crm.ContactsTestScript.ContactsTest"/>
  <system-out/>
  <testcase name="createContactWithOrgTest" time="41.754" classname="com.crm.ContactsTestScript.ContactsTest"/>
  <system-out/>
</testsuite> <!-- com.crm.ContactsTestScript.ContactsTest -->
