<?xml version="1.0" encoding="UTF-8"?>
<!-- Generated by org.testng.reporters.JUnitReportReporter -->
<testsuite skipped="0" hostname="rome" name="com.crm.OrgTest.OrgTest" tests="2" failures="0" timestamp="2022-02-01T15:46:28 IST" time="46.237" errors="0">
  <testcase name="createOrgTest" time="22.919" classname="com.crm.OrgTest.OrgTest"/>
  <system-out/>
  <testcase name="createOrgWithIndustryTest" time="23.318" classname="com.crm.OrgTest.OrgTest"/>
  <system-out/>
</testsuite> <!-- com.crm.OrgTest.OrgTest -->
