<?xml version="1.0" encoding="UTF-8"?>
<!-- Generated by org.testng.reporters.JUnitReportReporter -->
<testsuite skipped="0" hostname="rome" name="com.crm.ContactsTestScript.ContactsTest" tests="1" failures="0" timestamp="2022-03-19T14:09:01 IST" time="27.536" errors="0">
  <testcase name="createContactsTest" time="27.536" classname="com.crm.ContactsTestScript.ContactsTest"/>
  <system-out/>
</testsuite> <!-- com.crm.ContactsTestScript.ContactsTest -->
