<?xml version="1.0" encoding="UTF-8"?>
<!-- Generated by org.testng.reporters.JUnitReportReporter -->
<testsuite skipped="0" hostname="rome" name="practise.CurrentDateCalendarPopupTest" tests="1" failures="0" timestamp="2022-03-02T19:45:46 IST" time="57.400" errors="0">
  <testcase name="calendarTest" time="57.400" classname="practise.CurrentDateCalendarPopupTest"/>
  <system-out/>
</testsuite> <!-- practise.CurrentDateCalendarPopupTest -->
