<?xml version="1.0" encoding="UTF-8"?>
<!-- Generated by org.testng.reporters.JUnitReportReporter -->
<testsuite skipped="0" hostname="rome" name="com.crm.OrgTestScript.CreateOrgTest" tests="1" failures="0" timestamp="20 Jan 2022 06:59:03 GMT" time="44.895" errors="0">
  <testcase name="createOrgTest" time="44.895" classname="com.crm.OrgTestScript.CreateOrgTest"/>
</testsuite> <!-- com.crm.OrgTestScript.CreateOrgTest -->
