<?xml version="1.0" encoding="UTF-8"?>
<!-- Generated by org.testng.reporters.JUnitReportReporter -->
<testsuite skipped="0" hostname="rome" name="practice.BookingTicket" tests="8" failures="0" timestamp="2022-01-20T19:46:01 IST" time="0.038" errors="0">
  <testcase name="bookTicket" time="0.000" classname="practice.BookingTicket"/>
  <system-out/>
  <testcase name="bookTicket" time="0.015" classname="practice.BookingTicket"/>
  <system-out/>
  <testcase name="bookTicket" time="0.016" classname="practice.BookingTicket"/>
  <system-out/>
  <testcase name="bookTicket" time="0.002" classname="practice.BookingTicket"/>
  <system-out/>
  <testcase name="bookTicket" time="0.000" classname="practice.BookingTicket"/>
  <system-out/>
  <testcase name="bookTicket" time="0.002" classname="practice.BookingTicket"/>
  <system-out/>
  <testcase name="bookTicket" time="0.003" classname="practice.BookingTicket"/>
  <system-out/>
  <testcase name="bookTicket" time="0.000" classname="practice.BookingTicket"/>
  <system-out/>
</testsuite> <!-- practice.BookingTicket -->
