<?xml version="1.0" encoding="UTF-8"?>
<!-- Generated by org.testng.reporters.JUnitReportReporter -->
<testsuite skipped="0" hostname="rome" name="com.crm.OrgTest.OrgTest" tests="1" failures="0" timestamp="2022-03-19T14:09:01 IST" time="29.263" errors="0">
  <testcase name="createOrgTest" time="29.263" classname="com.crm.OrgTest.OrgTest"/>
  <system-out/>
</testsuite> <!-- com.crm.OrgTest.OrgTest -->
