<?xml version="1.0" encoding="UTF-8"?>
<!-- Generated by org.testng.reporters.JUnitReportReporter -->
<testsuite skipped="0" hostname="rome" name="com.crm.OrgTestScript.OrgTest" tests="2" failures="0" timestamp="2022-01-25T14:43:00 IST" time="40.867" errors="0">
  <testcase name="createOrgTest" time="18.742" classname="com.crm.OrgTestScript.OrgTest"/>
  <system-out/>
  <testcase name="createOrgWithIndustryTest" time="22.125" classname="com.crm.OrgTestScript.OrgTest"/>
  <system-out/>
</testsuite> <!-- com.crm.OrgTestScript.OrgTest -->
