<?xml version="1.0" encoding="UTF-8"?>
<!-- Generated by org.testng.reporters.JUnitReportReporter -->
<testsuite skipped="0" hostname="rome" name="com.crm.ContactsTestScript.CreateContactWithOrgTest" tests="1" failures="0" timestamp="20 Jan 2022 06:59:03 GMT" time="63.015" errors="0">
  <testcase name="createContactWithOrgTest" time="63.015" classname="com.crm.ContactsTestScript.CreateContactWithOrgTest"/>
</testsuite> <!-- com.crm.ContactsTestScript.CreateContactWithOrgTest -->
