<?xml version="1.0" encoding="UTF-8"?>
<!-- Generated by org.testng.reporters.JUnitReportReporter -->
<testsuite skipped="0" hostname="rome" name="com.crm.OrgTestScript.CreateOrgWithIndustryTest" tests="1" failures="0" timestamp="20 Jan 2022 06:59:03 GMT" time="40.201" errors="0">
  <testcase name="createOrgWithIndustryTest" time="40.201" classname="com.crm.OrgTestScript.CreateOrgWithIndustryTest"/>
</testsuite> <!-- com.crm.OrgTestScript.CreateOrgWithIndustryTest -->
