<?xml version="1.0" encoding="UTF-8"?>
<!-- Generated by org.testng.reporters.JUnitReportReporter -->
<testsuite skipped="0" hostname="rome" name="practise.Flipkartcalendarpopup" tests="1" failures="0" timestamp="2022-03-04T22:38:43 IST" time="15.168" errors="0">
  <testcase name="calendarTest" time="15.168" classname="practise.Flipkartcalendarpopup"/>
  <system-out/>
</testsuite> <!-- practise.Flipkartcalendarpopup -->
